{"name":"Log","hostname":"398b2ff1db95","pid":1,"level":30,"version":"5.89.6","msg":"Ghost is running in production...","time":"2024-11-01T00:23:19.562Z","v":0}
{"name":"Log","hostname":"398b2ff1db95","pid":1,"level":30,"version":"5.89.6","msg":"Your site is now available on http://localhost:8080/","time":"2024-11-01T00:23:19.564Z","v":0}
{"name":"Log","hostname":"398b2ff1db95","pid":1,"level":30,"version":"5.89.6","msg":"Ctrl+C to shut down","time":"2024-11-01T00:23:19.565Z","v":0}
{"name":"Log","hostname":"398b2ff1db95","pid":1,"level":30,"version":"5.89.6","msg":"Ghost server started in 2.307s","time":"2024-11-01T00:23:19.566Z","v":0}
{"name":"Log","hostname":"398b2ff1db95","pid":1,"level":30,"version":"5.89.6","msg":"Database is in a ready state.","time":"2024-11-01T00:23:19.979Z","v":0}
{"name":"Log","hostname":"398b2ff1db95","pid":1,"level":30,"version":"5.89.6","msg":"Ghost database ready in 2.731s","time":"2024-11-01T00:23:19.989Z","v":0}
{"name":"Log","hostname":"398b2ff1db95","pid":1,"level":40,"version":"5.89.6","msg":"Missing mail.from config, falling back to a generated email address. Please update your config file and set a valid from address","time":"2024-11-01T00:23:20.469Z","v":0}
{"name":"Log","hostname":"398b2ff1db95","pid":1,"level":30,"version":"5.89.6","msg":"Adding offloaded job to the queue","time":"2024-11-01T00:23:24.568Z","v":0}
{"name":"Log","hostname":"398b2ff1db95","pid":1,"level":30,"version":"5.89.6","msg":"Scheduling job mentions-email-report at 25 41 * * * *. Next run on: Fri Nov 01 2024 00:41:25 GMT+0000 (Coordinated Universal Time)","time":"2024-11-01T00:23:24.582Z","v":0}
{"name":"Log","hostname":"398b2ff1db95","pid":1,"level":30,"version":"5.89.6","msg":"Ghost URL Service Ready in 7.921s","time":"2024-11-01T00:23:25.182Z","v":0}
{"name":"Log","hostname":"398b2ff1db95","pid":1,"level":30,"version":"5.89.6","msg":"Adding offloaded job to the queue","time":"2024-11-01T00:23:25.202Z","v":0}
{"name":"Log","hostname":"398b2ff1db95","pid":1,"level":30,"version":"5.89.6","msg":"Scheduling job clean-expired-comped at 17 34 3 * * *. Next run on: Fri Nov 01 2024 03:34:17 GMT+0000 (Coordinated Universal Time)","time":"2024-11-01T00:23:25.211Z","v":0}
{"name":"Log","hostname":"398b2ff1db95","pid":1,"level":30,"version":"5.89.6","msg":"Adding offloaded job to the queue","time":"2024-11-01T00:23:25.222Z","v":0}
{"name":"Log","hostname":"398b2ff1db95","pid":1,"level":30,"version":"5.89.6","msg":"Scheduling job clean-tokens at 42 15 16 * * *. Next run on: Fri Nov 01 2024 16:15:42 GMT+0000 (Coordinated Universal Time)","time":"2024-11-01T00:23:25.232Z","v":0}
{"name":"Log","hostname":"398b2ff1db95","pid":1,"level":30,"version":"5.89.6","msg":"Ghost booted in 8.561s","time":"2024-11-01T00:23:25.820Z","v":0}
{"name":"Log","hostname":"398b2ff1db95","pid":1,"level":30,"version":"5.89.6","msg":"Adding offloaded job to the queue","time":"2024-11-01T00:23:25.847Z","v":0}
{"name":"Log","hostname":"398b2ff1db95","pid":1,"level":30,"version":"5.89.6","msg":"Scheduling job update-check at 12 43 9 * * *. Next run on: Fri Nov 01 2024 09:43:12 GMT+0000 (Coordinated Universal Time)","time":"2024-11-01T00:23:25.854Z","v":0}
{"name":"Log","hostname":"398b2ff1db95","pid":1,"level":30,"version":"5.89.6","msg":"Running milestone emails job on Mon Nov 04 2024 00:23:25 GMT+0000 (Coordinated Universal Time)","time":"2024-11-01T00:23:25.868Z","v":0}
{"name":"Log","hostname":"398b2ff1db95","pid":1,"level":30,"version":"5.89.6","msg":"Updating incoming recommendations on boot","time":"2024-11-01T00:24:01.464Z","v":0}
{"name":"Log","hostname":"398b2ff1db95","pid":1,"level":30,"version":"5.89.6","msg":"[Recommendations] Updating recommendations metadata","time":"2024-11-01T00:27:40.286Z","v":0}
{"name":"Log","hostname":"398b2ff1db95","pid":1,"level":30,"version":"5.89.6","worker":{"resourceLimits":{"maxYoungGenerationSizeMb":48,"maxOldGenerationSizeMb":2048,"codeRangeSizeMb":0,"stackSizeMb":4},"threadId":1},"msg":"Worker for job \"mentions-email-report\" online","time":"2024-11-01T00:41:25.005Z","v":0}
{"name":"Log","hostname":"398b2ff1db95","pid":1,"level":30,"version":"5.89.6","msg":"Worker for job mentions-email-report sent a message: done","time":"2024-11-01T00:41:25.012Z","v":0}
{"name":"Log","hostname":"398b2ff1db95","pid":1,"level":30,"version":"5.89.6","worker":{"resourceLimits":{"maxYoungGenerationSizeMb":48,"maxOldGenerationSizeMb":2048,"codeRangeSizeMb":0,"stackSizeMb":4},"threadId":2},"msg":"Worker for job \"mentions-email-report\" online","time":"2024-11-01T00:41:25.972Z","v":0}
{"name":"Log","hostname":"398b2ff1db95","pid":1,"level":30,"version":"5.89.6","msg":"Worker for job mentions-email-report sent a message: done","time":"2024-11-01T00:41:25.978Z","v":0}
{"name":"Log","hostname":"398b2ff1db95","pid":1,"level":30,"version":"5.89.6","worker":{"resourceLimits":{"maxYoungGenerationSizeMb":48,"maxOldGenerationSizeMb":2048,"codeRangeSizeMb":0,"stackSizeMb":4},"threadId":3},"msg":"Worker for job \"mentions-email-report\" online","time":"2024-11-01T01:41:25.973Z","v":0}
{"name":"Log","hostname":"398b2ff1db95","pid":1,"level":30,"version":"5.89.6","msg":"Worker for job mentions-email-report sent a message: done","time":"2024-11-01T01:41:25.977Z","v":0}
{"name":"Log","hostname":"398b2ff1db95","pid":1,"level":30,"version":"5.89.6","msg":"Ghost is running in production...","time":"2024-11-01T15:03:54.786Z","v":0}
{"name":"Log","hostname":"398b2ff1db95","pid":1,"level":30,"version":"5.89.6","msg":"Your site is now available on http://localhost:8080/","time":"2024-11-01T15:03:54.788Z","v":0}
{"name":"Log","hostname":"398b2ff1db95","pid":1,"level":30,"version":"5.89.6","msg":"Ctrl+C to shut down","time":"2024-11-01T15:03:54.788Z","v":0}
{"name":"Log","hostname":"398b2ff1db95","pid":1,"level":30,"version":"5.89.6","msg":"Ghost server started in 1.82s","time":"2024-11-01T15:03:54.789Z","v":0}
{"name":"Log","hostname":"398b2ff1db95","pid":1,"level":30,"version":"5.89.6","msg":"Database is in a ready state.","time":"2024-11-01T15:03:55.171Z","v":0}
{"name":"Log","hostname":"398b2ff1db95","pid":1,"level":30,"version":"5.89.6","msg":"Ghost database ready in 2.209s","time":"2024-11-01T15:03:55.178Z","v":0}
{"name":"Log","hostname":"398b2ff1db95","pid":1,"level":40,"version":"5.89.6","msg":"Missing mail.from config, falling back to a generated email address. Please update your config file and set a valid from address","time":"2024-11-01T15:03:55.558Z","v":0}
{"name":"Log","hostname":"398b2ff1db95","pid":1,"level":30,"version":"5.89.6","msg":"Adding offloaded job to the queue","time":"2024-11-01T15:03:57.953Z","v":0}
{"name":"Log","hostname":"398b2ff1db95","pid":1,"level":30,"version":"5.89.6","msg":"Scheduling job mentions-email-report at 34 32 * * * *. Next run on: Fri Nov 01 2024 15:32:34 GMT+0000 (Coordinated Universal Time)","time":"2024-11-01T15:03:57.984Z","v":0}
{"name":"Log","hostname":"398b2ff1db95","pid":1,"level":30,"version":"5.89.6","msg":"Ghost URL Service Ready in 5.933s","time":"2024-11-01T15:03:58.902Z","v":0}
{"name":"Log","hostname":"398b2ff1db95","pid":1,"level":30,"version":"5.89.6","msg":"Adding offloaded job to the queue","time":"2024-11-01T15:03:58.922Z","v":0}
{"name":"Log","hostname":"398b2ff1db95","pid":1,"level":30,"version":"5.89.6","msg":"Scheduling job clean-expired-comped at 47 14 5 * * *. Next run on: Sat Nov 02 2024 05:14:47 GMT+0000 (Coordinated Universal Time)","time":"2024-11-01T15:03:58.929Z","v":0}
{"name":"Log","hostname":"398b2ff1db95","pid":1,"level":30,"version":"5.89.6","msg":"Adding offloaded job to the queue","time":"2024-11-01T15:03:58.943Z","v":0}
{"name":"Log","hostname":"398b2ff1db95","pid":1,"level":30,"version":"5.89.6","msg":"Scheduling job clean-tokens at 45 22 14 * * *. Next run on: Sat Nov 02 2024 14:22:45 GMT+0000 (Coordinated Universal Time)","time":"2024-11-01T15:03:58.965Z","v":0}
{"name":"Log","hostname":"398b2ff1db95","pid":1,"level":30,"version":"5.89.6","msg":"Ghost booted in 6.463s","time":"2024-11-01T15:03:59.432Z","v":0}
{"name":"Log","hostname":"398b2ff1db95","pid":1,"level":30,"version":"5.89.6","msg":"Adding offloaded job to the queue","time":"2024-11-01T15:03:59.449Z","v":0}
{"name":"Log","hostname":"398b2ff1db95","pid":1,"level":30,"version":"5.89.6","msg":"Scheduling job update-check at 22 5 2 * * *. Next run on: Sat Nov 02 2024 02:05:22 GMT+0000 (Coordinated Universal Time)","time":"2024-11-01T15:03:59.453Z","v":0}
{"name":"Log","hostname":"398b2ff1db95","pid":1,"level":30,"version":"5.89.6","msg":"Running milestone emails job on Fri Nov 01 2024 15:03:59 GMT+0000 (Coordinated Universal Time)","time":"2024-11-01T15:03:59.464Z","v":0}
{"name":"Log","hostname":"398b2ff1db95","pid":1,"level":30,"version":"5.89.6","msg":"Updating incoming recommendations on boot","time":"2024-11-01T15:07:06.019Z","v":0}
{"name":"Log","hostname":"398b2ff1db95","pid":1,"level":30,"version":"5.89.6","msg":"[Recommendations] Updating recommendations metadata","time":"2024-11-01T15:10:21.072Z","v":0}
{"name":"Log","hostname":"398b2ff1db95","pid":1,"level":30,"version":"5.89.6","worker":{"resourceLimits":{"maxYoungGenerationSizeMb":48,"maxOldGenerationSizeMb":2048,"codeRangeSizeMb":0,"stackSizeMb":4},"threadId":1},"msg":"Worker for job \"mentions-email-report\" online","time":"2024-11-01T15:32:34.080Z","v":0}
{"name":"Log","hostname":"398b2ff1db95","pid":1,"level":30,"version":"5.89.6","msg":"Worker for job mentions-email-report sent a message: done","time":"2024-11-01T15:32:34.086Z","v":0}
{"name":"Log","hostname":"398b2ff1db95","pid":1,"level":30,"version":"5.89.6","msg":"Ghost is running in production...","time":"2024-11-01T16:33:37.306Z","v":0}
{"name":"Log","hostname":"398b2ff1db95","pid":1,"level":30,"version":"5.89.6","msg":"Your site is now available on http://localhost:8080/","time":"2024-11-01T16:33:37.308Z","v":0}
{"name":"Log","hostname":"398b2ff1db95","pid":1,"level":30,"version":"5.89.6","msg":"Ctrl+C to shut down","time":"2024-11-01T16:33:37.309Z","v":0}
{"name":"Log","hostname":"398b2ff1db95","pid":1,"level":30,"version":"5.89.6","msg":"Ghost server started in 2.159s","time":"2024-11-01T16:33:37.310Z","v":0}
{"name":"Log","hostname":"398b2ff1db95","pid":1,"level":30,"version":"5.89.6","msg":"Database is in a ready state.","time":"2024-11-01T16:33:37.750Z","v":0}
{"name":"Log","hostname":"398b2ff1db95","pid":1,"level":30,"version":"5.89.6","msg":"Ghost database ready in 2.609s","time":"2024-11-01T16:33:37.759Z","v":0}
{"name":"Log","hostname":"398b2ff1db95","pid":1,"level":40,"version":"5.89.6","msg":"Missing mail.from config, falling back to a generated email address. Please update your config file and set a valid from address","time":"2024-11-01T16:33:38.114Z","v":0}
{"name":"Log","hostname":"398b2ff1db95","pid":1,"level":30,"version":"5.89.6","msg":"Adding offloaded job to the queue","time":"2024-11-01T16:33:40.327Z","v":0}
{"name":"Log","hostname":"398b2ff1db95","pid":1,"level":30,"version":"5.89.6","msg":"Scheduling job mentions-email-report at 36 13 * * * *. Next run on: Fri Nov 01 2024 17:13:36 GMT+0000 (Coordinated Universal Time)","time":"2024-11-01T16:33:40.341Z","v":0}
{"name":"Log","hostname":"398b2ff1db95","pid":1,"level":30,"version":"5.89.6","msg":"Adding offloaded job to the queue","time":"2024-11-01T16:33:41.139Z","v":0}
{"name":"Log","hostname":"398b2ff1db95","pid":1,"level":30,"version":"5.89.6","msg":"Scheduling job clean-expired-comped at 36 40 3 * * *. Next run on: Sat Nov 02 2024 03:40:36 GMT+0000 (Coordinated Universal Time)","time":"2024-11-01T16:33:41.145Z","v":0}
{"name":"Log","hostname":"398b2ff1db95","pid":1,"level":30,"version":"5.89.6","msg":"Adding offloaded job to the queue","time":"2024-11-01T16:33:41.157Z","v":0}
{"name":"Log","hostname":"398b2ff1db95","pid":1,"level":30,"version":"5.89.6","msg":"Scheduling job clean-tokens at 12 49 4 * * *. Next run on: Sat Nov 02 2024 04:49:12 GMT+0000 (Coordinated Universal Time)","time":"2024-11-01T16:33:41.177Z","v":0}
{"name":"Log","hostname":"398b2ff1db95","pid":1,"level":30,"version":"5.89.6","msg":"Ghost URL Service Ready in 6.094s","time":"2024-11-01T16:33:41.245Z","v":0}
{"name":"Log","hostname":"398b2ff1db95","pid":1,"level":30,"version":"5.89.6","msg":"Ghost booted in 6.56s","time":"2024-11-01T16:33:41.711Z","v":0}
{"name":"Log","hostname":"398b2ff1db95","pid":1,"level":30,"version":"5.89.6","msg":"Adding offloaded job to the queue","time":"2024-11-01T16:33:41.729Z","v":0}
{"name":"Log","hostname":"398b2ff1db95","pid":1,"level":30,"version":"5.89.6","msg":"Scheduling job update-check at 23 52 20 * * *. Next run on: Fri Nov 01 2024 20:52:23 GMT+0000 (Coordinated Universal Time)","time":"2024-11-01T16:33:41.732Z","v":0}
{"name":"Log","hostname":"398b2ff1db95","pid":1,"level":30,"version":"5.89.6","msg":"Running milestone emails job on Sun Nov 03 2024 16:33:41 GMT+0000 (Coordinated Universal Time)","time":"2024-11-01T16:33:41.741Z","v":0}
{"name":"Log","hostname":"398b2ff1db95","pid":1,"level":30,"version":"5.89.6","msg":"[Recommendations] Updating recommendations metadata","time":"2024-11-01T16:35:47.241Z","v":0}
{"name":"Log","hostname":"398b2ff1db95","pid":1,"level":30,"version":"5.89.6","msg":"Updating incoming recommendations on boot","time":"2024-11-01T16:36:18.057Z","v":0}
